<?xml version="1.0" encoding="UTF-8"?>
<!-- Generated by org.testng.reporters.JUnitXMLReporter -->
<testsuite hostname="DESKTOP-L37E01M" ignored="0" name="Default test" tests="4" failures="0" timestamp="2021-02-20T06:31:15 PST" time="78.692" errors="0">
  <testcase name="loginval" time="17.604" classname="product_validation.main"/>
  <testcase name="acMyprofile" time="10.639" classname="product_validation.main"/>
  <testcase name="hotelsearch" time="32.12" classname="product_validation.main"/>
  <testcase name="flight" time="17.675" classname="product_validation.main"/>
</testsuite> <!-- Default test -->
