<?xml version="1.0" encoding="UTF-8"?>
<!-- Generated by org.testng.reporters.JUnitXMLReporter -->
<testsuite hostname="DESKTOP-B2VFFSA" ignored="0" name="Test" tests="1" failures="1" timestamp="2020-12-12T12:59:37 IST" time="39.242" errors="0">
  <testcase name="lowes" time="38.947" classname="product_validation.main">
    <failure type="java.lang.ArrayIndexOutOfBoundsException" message="1">
      <![CDATA[java.lang.ArrayIndexOutOfBoundsException: 1
at product_validation.main.lowes(main.java:73)
at java.util.ArrayList.forEach(Unknown Source)
... Removed 27 stack frames]]>
    </failure>
  </testcase> <!-- lowes -->
</testsuite> <!-- Test -->
