<?xml version="1.0" encoding="UTF-8"?>
<testng-results skipped="0" failed="0" ignored="0" total="4" passed="4">
  <reporter-output>
  </reporter-output>
  <suite name="Default suite" duration-ms="78692" started-at="2021-02-20T06:29:56 PST" finished-at="2021-02-20T06:31:14 PST">
    <groups>
    </groups>
    <test name="Default test" duration-ms="78692" started-at="2021-02-20T06:29:56 PST" finished-at="2021-02-20T06:31:14 PST">
      <class name="product_validation.main">
        <test-method status="PASS" signature="browserinitialization()[pri:0, instance:product_validation.main@56aac163]" name="browserinitialization" is-config="true" duration-ms="41846" started-at="2021-02-20T06:29:14 PST" finished-at="2021-02-20T06:29:56 PST">
          <reporter-output>
          </reporter-output>
        </test-method> <!-- browserinitialization -->
        <test-method status="PASS" signature="loginval()[pri:1, instance:product_validation.main@56aac163]" name="loginval" duration-ms="17604" started-at="2021-02-20T06:29:56 PST" finished-at="2021-02-20T06:30:14 PST">
          <reporter-output>
          </reporter-output>
        </test-method> <!-- loginval -->
        <test-method status="PASS" signature="acMyprofile()[pri:2, instance:product_validation.main@56aac163]" name="acMyprofile" duration-ms="10639" started-at="2021-02-20T06:30:14 PST" finished-at="2021-02-20T06:30:25 PST">
          <reporter-output>
          </reporter-output>
        </test-method> <!-- acMyprofile -->
        <test-method status="PASS" signature="hotelsearch()[pri:3, instance:product_validation.main@56aac163]" name="hotelsearch" duration-ms="32120" started-at="2021-02-20T06:30:25 PST" finished-at="2021-02-20T06:30:57 PST">
          <reporter-output>
          </reporter-output>
        </test-method> <!-- hotelsearch -->
        <test-method status="PASS" signature="flight()[pri:4, instance:product_validation.main@56aac163]" name="flight" duration-ms="17675" started-at="2021-02-20T06:30:57 PST" finished-at="2021-02-20T06:31:14 PST">
          <reporter-output>
          </reporter-output>
        </test-method> <!-- flight -->
        <test-method status="PASS" signature="afttst()[pri:0, instance:product_validation.main@56aac163]" name="afttst" is-config="true" duration-ms="2" started-at="2021-02-20T06:31:14 PST" finished-at="2021-02-20T06:31:14 PST">
          <reporter-output>
          </reporter-output>
        </test-method> <!-- afttst -->
      </class> <!-- product_validation.main -->
    </test> <!-- Default test -->
  </suite> <!-- Default suite -->
</testng-results>
